<?xml version="1.0" encoding="UTF-8"?>
<testng-results skipped="0" failed="0" ignored="0" total="0" passed="0">
  <reporter-output>
  </reporter-output>
  <suite name="Default suite" duration-ms="546" started-at="2020-07-01T17:16:37Z" finished-at="2020-07-01T17:16:37Z">
    <groups>
      <group name="cucumber">
        <method signature="AbstractTestNGCucumberTests.feature(cucumber.api.testng.CucumberFeatureWrapper)[pri:0, instance:com.careerhack.runners.TestRunner@15761df8]" name="feature" class="cucumber.api.testng.AbstractTestNGCucumberTests"/>
      </group> <!-- cucumber -->
    </groups>
    <test name="Default test" duration-ms="546" started-at="2020-07-01T17:16:37Z" finished-at="2020-07-01T17:16:37Z">
      <class name="com.careerhack.runners.TestRunner">
        <test-method status="PASS" signature="setUpClass()[pri:0, instance:com.careerhack.runners.TestRunner@15761df8]" name="setUpClass" is-config="true" duration-ms="359" started-at="2020-07-01T17:16:37Z" finished-at="2020-07-01T17:16:37Z">
          <reporter-output>
          </reporter-output>
        </test-method> <!-- setUpClass -->
        <test-method status="PASS" signature="tearDownClass()[pri:0, instance:com.careerhack.runners.TestRunner@15761df8]" name="tearDownClass" is-config="true" duration-ms="23" started-at="2020-07-01T17:16:37Z" finished-at="2020-07-01T17:16:37Z">
          <reporter-output>
          </reporter-output>
        </test-method> <!-- tearDownClass -->
      </class> <!-- com.careerhack.runners.TestRunner -->
    </test> <!-- Default test -->
  </suite> <!-- Default suite -->
</testng-results>
